[ 2019-12-04T20:31:20+08:00 ] ::1 /ceshi/moban1/
INFO: [ app_init ] --START--
INFO: Run Behavior\BuildLiteBehavior [ RunTime:0.000022s ]
INFO: [ app_init ] --END-- [ RunTime:0.013579s ]
INFO: [ app_begin ] --START--
INFO: Run Behavior\ReadHtmlCacheBehavior [ RunTime:0.002451s ]
INFO: [ app_begin ] --END-- [ RunTime:0.002542s ]
INFO: [ view_parse ] --START--
INFO: [ template_filter ] --START--
INFO: Run Behavior\ContentReplaceBehavior [ RunTime:0.000372s ]
INFO: [ template_filter ] --END-- [ RunTime:0.000459s ]
SQL: SHOW COLUMNS FROM `xyh_abc` [ RunTime:0.0563s ]
SQL: SELECT * FROM `xyh_abc` WHERE `id` = 5 LIMIT 1   [ RunTime:0.0065s ]
SQL: SHOW COLUMNS FROM `xyh_abc_detail` [ RunTime:0.0330s ]
SQL: SELECT * FROM `xyh_abc_detail` WHERE `aid` = 5 AND `status` = 1 AND `start_time` < '2019-12-04 20:31:20' AND `end_time` > '2019-12-04 20:31:20' ORDER BY sort LIMIT 1   [ RunTime:0.0014s ]
SQL: SELECT * FROM `xyh_abc` WHERE `id` = 2 LIMIT 1   [ RunTime:0.0011s ]
SQL: SELECT * FROM `xyh_abc_detail` WHERE `aid` = 2 AND `status` = 1 AND `start_time` < '2019-12-04 20:31:20' AND `end_time` > '2019-12-04 20:31:20' ORDER BY sort LIMIT 1   [ RunTime:0.0010s ]
SQL: SELECT * FROM `xyh_abc` WHERE `id` = 3 LIMIT 1   [ RunTime:0.0009s ]
SQL: SELECT * FROM `xyh_abc_detail` WHERE `aid` = 3 AND `status` = 1 AND `start_time` < '2019-12-04 20:31:20' AND `end_time` > '2019-12-04 20:31:20' ORDER BY sort LIMIT 1   [ RunTime:0.0017s ]
INFO: Run Behavior\ParseTemplateBehavior [ RunTime:0.369045s ]
INFO: [ view_parse ] --END-- [ RunTime:0.369115s ]
INFO: [ view_filter ] --START--
INFO: Run Behavior\WriteHtmlCacheBehavior [ RunTime:0.003476s ]
INFO: [ view_filter ] --END-- [ RunTime:0.003546s ]
INFO: [ app_end ] --START--
INFO: Run Behavior\ShowPageTraceBehavior [ RunTime:0.004673s ]
INFO: [ app_end ] --END-- [ RunTime:0.004764s ]

[ 2019-12-04T20:32:07+08:00 ] 127.0.0.1 /ceshi/moban1/index.php/Home/Git/index
INFO: [ app_init ] --START--
INFO: Run Behavior\BuildLiteBehavior [ RunTime:0.000020s ]
INFO: [ app_init ] --END-- [ RunTime:0.001011s ]
INFO: [ app_begin ] --START--
INFO: Run Behavior\ReadHtmlCacheBehavior [ RunTime:0.001421s ]
INFO: [ app_begin ] --END-- [ RunTime:0.001507s ]
INFO: [ app_end ] --START--
INFO: Run Behavior\ShowPageTraceBehavior [ RunTime:0.003054s ]
INFO: [ app_end ] --END-- [ RunTime:0.003149s ]

[ 2019-12-04T20:32:09+08:00 ] 127.0.0.1 /ceshi/moban1/index.php/Home/Git/index
INFO: [ app_init ] --START--
INFO: Run Behavior\BuildLiteBehavior [ RunTime:0.000021s ]
INFO: [ app_init ] --END-- [ RunTime:0.001101s ]
INFO: [ app_begin ] --START--
INFO: Run Behavior\ReadHtmlCacheBehavior [ RunTime:0.001839s ]
INFO: [ app_begin ] --END-- [ RunTime:0.001916s ]
INFO: [ app_end ] --START--
INFO: Run Behavior\ShowPageTraceBehavior [ RunTime:0.001715s ]
INFO: [ app_end ] --END-- [ RunTime:0.001804s ]

